<?xml version="1.0" encoding="UTF-8"?>
<testng-results ignored="0" total="1" passed="1" failed="0" skipped="0">
  <reporter-output>
  </reporter-output>
  <suite started-at="2024-01-18T12:18:40 IST" name="Default suite" finished-at="2024-01-18T12:18:45 IST" duration-ms="5419">
    <groups>
    </groups>
    <test started-at="2024-01-18T12:18:40 IST" name="Default test" finished-at="2024-01-18T12:18:45 IST" duration-ms="5419">
      <class name="Basic.MyntraTest">
        <test-method signature="LaunchTest()[pri:0, instance:Basic.MyntraTest@543588e6]" started-at="2024-01-18T12:18:40 IST" name="LaunchTest" finished-at="2024-01-18T12:18:45 IST" duration-ms="5381" status="PASS">
          <reporter-output>
          </reporter-output>
        </test-method> <!-- LaunchTest -->
      </class> <!-- Basic.MyntraTest -->
    </test> <!-- Default test -->
  </suite> <!-- Default suite -->
</testng-results>
